<?xml version="1.0" encoding="UTF-8"?>
<!-- Generated by org.testng.reporters.JUnitReportReporter -->
<testsuite hostname="HARI" failures="0" tests="1" name="FinalFrameworks.shopping.StandAlone2" time="0.012" errors="1" timestamp="2023-04-27T11:27:58 IST" skipped="0">
  <testcase classname="FinalFrameworks.shopping.StandAlone2" name="submitOrder" time="0.012">
    <error message="
[public void FinalFrameworks.shopping.StandAlone2.submitOrder(java.util.HashMap) throws java.lang.InterruptedException] has no parameters defined but was found to be using a data provider (either explicitly specified or inherited from class level annotation).
Data provider mismatch
Method: submitOrder([java.util.HashMap&lt;java.lang.String, java.lang.String&gt; arg0])
Arguments: [(java.util.HashMap) {password=vijay1220, email=vijay1220@gmail.com, productName=ZARA COAT 3},(java.util.HashMap) {pass=kumar122, email=kumar122@gmial.com, productName=ADIDAS ORIGINAL}]" type="org.testng.internal.reflect.MethodMatcherException">
      <![CDATA[org.testng.internal.reflect.MethodMatcherException: 
[public void FinalFrameworks.shopping.StandAlone2.submitOrder(java.util.HashMap) throws java.lang.InterruptedException] has no parameters defined but was found to be using a data provider (either explicitly specified or inherited from class level annotation).
Data provider mismatch
Method: submitOrder([java.util.HashMap<java.lang.String, java.lang.String> arg0])
Arguments: [(java.util.HashMap) {password=vijay1220, email=vijay1220@gmail.com, productName=ZARA COAT 3},(java.util.HashMap) {pass=kumar122, email=kumar122@gmial.com, productName=ADIDAS ORIGINAL}]
at org.testng.internal.reflect.DataProviderMethodMatcher.getConformingArguments(DataProviderMethodMatcher.java:46)
at org.testng.internal.Parameters.injectParameters(Parameters.java:909)
at org.testng.internal.invokers.MethodRunner.runInSequence(MethodRunner.java:37)
at org.testng.internal.invokers.TestInvoker$MethodInvocationAgent.invoke(TestInvoker.java:969)
at org.testng.internal.invokers.TestInvoker.invokeTestMethods(TestInvoker.java:194)
at org.testng.internal.invokers.TestMethodWorker.invokeTestMethods(TestMethodWorker.java:148)
at org.testng.internal.invokers.TestMethodWorker.run(TestMethodWorker.java:128)
at java.base/java.util.ArrayList.forEach(ArrayList.java:1511)
at org.testng.TestRunner.privateRun(TestRunner.java:829)
at org.testng.TestRunner.run(TestRunner.java:602)
at org.testng.SuiteRunner.runTest(SuiteRunner.java:437)
at org.testng.SuiteRunner$SuiteWorker.run(SuiteRunner.java:475)
at org.testng.internal.thread.ThreadUtil.lambda$execute$0(ThreadUtil.java:58)
at java.base/java.util.concurrent.FutureTask.run(FutureTask.java:264)
at java.base/java.util.concurrent.ThreadPoolExecutor.runWorker(ThreadPoolExecutor.java:1136)
at java.base/java.util.concurrent.ThreadPoolExecutor$Worker.run(ThreadPoolExecutor.java:635)
at java.base/java.lang.Thread.run(Thread.java:833)
]]>
    </error>
  </testcase> <!-- submitOrder -->
  <system-out/>
</testsuite> <!-- FinalFrameworks.shopping.StandAlone2 -->
